<?xml version="1.0" encoding="UTF-8"?>
<testsuite name="org.foundationsofcode.service.InventoryServiceTest" tests="4" skipped="0" failures="0" errors="0" timestamp="2025-12-31T12:20:58.544Z" hostname="Mohammeds-MBP.attlocal.net" time="0.001">
  <properties/>
  <testcase name="getPrice_returns0ForUnknownItem()" classname="org.foundationsofcode.service.InventoryServiceTest" time="0.0"/>
  <testcase name="addItem_addsNonBlankItem()" classname="org.foundationsofcode.service.InventoryServiceTest" time="0.0"/>
  <testcase name="calculateTotalValue_sumsCatalogPrices()" classname="org.foundationsofcode.service.InventoryServiceTest" time="0.0"/>
  <testcase name="addItem_ignoresNullOrBlank()" classname="org.foundationsofcode.service.InventoryServiceTest" time="0.0"/>
  <system-out><![CDATA[]]></system-out>
  <system-err><![CDATA[]]></system-err>
</testsuite>
